<?xml version="1.0" encoding="UTF-8"?>
<!-- Generated by org.testng.reporters.JUnitReportReporter -->
<testsuite hostname="DEEP-1808222042" name="com.test.ng.CreateAndSendMail" tests="1" failures="0" timestamp="29 May 2019 09:44:26 GMT" time="25.976" errors="0">
  <testcase name="createMail" time="25.976" classname="com.test.ng.CreateAndSendMail"/>
</testsuite> <!-- com.test.ng.CreateAndSendMail -->
