<?xml version="1.0" encoding="UTF-8"?>
<!-- Generated by org.testng.reporters.JUnitReportReporter -->
<testsuite hostname="DEEP-1808222042" name="com.test.ng.LoginTestNG" tests="1" failures="0" timestamp="29 May 2019 09:44:26 GMT" time="20.300" errors="0">
  <testcase name="login" time="20.300" classname="com.test.ng.LoginTestNG"/>
</testsuite> <!-- com.test.ng.LoginTestNG -->
